<?xml version="1.0" encoding="UTF-8"?>
<testsuite name="edu.coursera.parallel.ReciprocalArraySumTest" time="61.39" tests="4" errors="0" skipped="0" failures="2">
  <properties>
[...]
</properties>
  <testcase name="testParSimpleTwoHundredMillion" classname="edu.coursera.parallel.ReciprocalArraySumTest" time="32.368"/>
  <testcase name="testParManyTaskTwoHundredMillion" classname="edu.coursera.parallel.ReciprocalArraySumTest" time="28.351">
    <failure message="It was expected that the many-task parallel implementation would run at least 3.200000x faster, but it only achieved 1.878378x speedup" type="junit.framework.AssertionFailedError">junit.framework.AssertionFailedError: It was expected that the many-task parallel implementation would run at least 3.200000x faster, but it only achieved 1.878378x speedup
	at junit.framework.Assert.fail(Assert.java:47)
	at junit.framework.Assert.assertTrue(Assert.java:20)
	at edu.coursera.parallel.ReciprocalArraySumTest.testParManyTaskTwoHundredMillion(ReciprocalArraySumTest.java:155)
</failure>
    <system-out><![CDATA[Minimum Range = 50000000Maximum Range = 50000000
Minimum Range = 50000000Maximum Range = 50000000
Minimum Range = 50000000Maximum Range = 50000000
Minimum Range = 50000000Maximum Range = 50000000
Minimum Range = 50000000Maximum Range = 50000000
Minimum Range = 50000000Maximum Range = 50000000
Minimum Range = 50000000Maximum Range = 50000000
Minimum Range = 50000000Maximum Range = 50000000
Minimum Range = 50000000Maximum Range = 50000000
Minimum Range = 50000000Maximum Range = 50000000
Minimum Range = 50000000Maximum Range = 50000000
Minimum Range = 50000000Maximum Range = 50000000
Minimum Range = 50000000Maximum Range = 50000000
Minimum Range = 50000000Maximum Range = 50000000
Minimum Range = 50000000Maximum Range = 50000000
Minimum Range = 50000000Maximum Range = 50000000
Minimum Range = 50000000Maximum Range = 50000000
Minimum Range = 50000000Maximum Range = 50000000
Minimum Range = 50000000Maximum Range = 50000000
Minimum Range = 50000000Maximum Range = 50000000
Minimum Range = 50000000Maximum Range = 50000000
Minimum Range = 50000000Maximum Range = 50000000
Minimum Range = 50000000Maximum Range = 50000000
Minimum Range = 50000000Maximum Range = 50000000
Minimum Range = 50000000Maximum Range = 50000000
Minimum Range = 50000000Maximum Range = 50000000
Minimum Range = 50000000Maximum Range = 50000000
Minimum Range = 50000000Maximum Range = 50000000
Minimum Range = 50000000Maximum Range = 50000000
Minimum Range = 50000000Maximum Range = 50000000
Minimum Range = 50000000Maximum Range = 50000000
Minimum Range = 50000000Maximum Range = 50000000
Minimum Range = 50000000Maximum Range = 50000000
Minimum Range = 50000000Maximum Range = 50000000
Minimum Range = 50000000Maximum Range = 50000000
Minimum Range = 50000000Maximum Range = 50000000
Minimum Range = 50000000Maximum Range = 50000000
Minimum Range = 50000000Maximum Range = 50000000
Minimum Range = 50000000Maximum Range = 50000000
Minimum Range = 50000000Maximum Range = 50000000
Minimum Range = 50000000Maximum Range = 50000000
Minimum Range = 50000000Maximum Range = 50000000
Minimum Range = 50000000Maximum Range = 50000000
Minimum Range = 50000000Maximum Range = 50000000
Minimum Range = 50000000Maximum Range = 50000000
Minimum Range = 50000000Maximum Range = 50000000
Minimum Range = 50000000Maximum Range = 50000000
Minimum Range = 50000000Maximum Range = 50000000
Minimum Range = 50000000Maximum Range = 50000000
Minimum Range = 50000000Maximum Range = 50000000
Minimum Range = 50000000Maximum Range = 50000000
Minimum Range = 50000000Maximum Range = 50000000
Minimum Range = 50000000Maximum Range = 50000000
Minimum Range = 50000000Maximum Range = 50000000
Minimum Range = 50000000Maximum Range = 50000000
Minimum Range = 50000000Maximum Range = 50000000
Minimum Range = 50000000Maximum Range = 50000000
Minimum Range = 50000000Maximum Range = 50000000
Minimum Range = 50000000Maximum Range = 50000000
Minimum Range = 50000000Maximum Range = 50000000
Minimum Range = 50000000Maximum Range = 50000000
Minimum Range = 50000000Maximum Range = 50000000
Minimum Range = 50000000Maximum Range = 50000000
Minimum Range = 50000000Maximum Range = 50000000
Minimum Range = 50000000Maximum Range = 50000000
Minimum Range = 50000000Maximum Range = 50000000
Minimum Range = 50000000Maximum Range = 50000000
Minimum Range = 50000000Maximum Range = 50000000
Minimum Range = 50000000Maximum Range = 50000000
Minimum Range = 50000000Maximum Range = 50000000
Minimum Range = 50000000Maximum Range = 50000000
Minimum Range = 50000000Maximum Range = 50000000
Minimum Range = 50000000Maximum Range = 50000000
Minimum Range = 50000000Maximum Range = 50000000
Minimum Range = 50000000Maximum Range = 50000000
Minimum Range = 50000000Maximum Range = 50000000
Minimum Range = 50000000Maximum Range = 50000000
Minimum Range = 50000000Maximum Range = 50000000
Minimum Range = 50000000Maximum Range = 50000000
Minimum Range = 50000000Maximum Range = 50000000
Minimum Range = 50000000Maximum Range = 50000000
Minimum Range = 50000000Maximum Range = 50000000
Minimum Range = 50000000Maximum Range = 50000000
Minimum Range = 50000000Maximum Range = 50000000
Minimum Range = 50000000Maximum Range = 50000000
Minimum Range = 50000000Maximum Range = 50000000
Minimum Range = 50000000Maximum Range = 50000000
Minimum Range = 50000000Maximum Range = 50000000
Minimum Range = 50000000Maximum Range = 50000000
Minimum Range = 50000000Maximum Range = 50000000
Minimum Range = 50000000Maximum Range = 50000000
Minimum Range = 50000000Maximum Range = 50000000
Minimum Range = 50000000Maximum Range = 50000000
Minimum Range = 50000000Maximum Range = 50000000
Minimum Range = 50000000Maximum Range = 50000000
Minimum Range = 50000000Maximum Range = 50000000
Minimum Range = 50000000Maximum Range = 50000000
Minimum Range = 50000000Maximum Range = 50000000
Minimum Range = 50000000Maximum Range = 50000000
Minimum Range = 50000000Maximum Range = 50000000
Minimum Range = 50000000Maximum Range = 50000000
Minimum Range = 50000000Maximum Range = 50000000
Minimum Range = 50000000Maximum Range = 50000000
Minimum Range = 50000000Maximum Range = 50000000
Minimum Range = 50000000Maximum Range = 50000000
Minimum Range = 50000000Maximum Range = 50000000
Minimum Range = 50000000Maximum Range = 50000000
Minimum Range = 50000000Maximum Range = 50000000
Minimum Range = 50000000Maximum Range = 50000000
Minimum Range = 50000000Maximum Range = 50000000
Minimum Range = 50000000Maximum Range = 50000000
Minimum Range = 50000000Maximum Range = 50000000
Minimum Range = 50000000Maximum Range = 50000000
Minimum Range = 50000000Maximum Range = 50000000
Minimum Range = 50000000Maximum Range = 50000000
Minimum Range = 50000000Maximum Range = 50000000
Minimum Range = 50000000Maximum Range = 50000000
Minimum Range = 50000000Maximum Range = 50000000
Minimum Range = 50000000Maximum Range = 50000000
Minimum Range = 50000000Maximum Range = 50000000
Minimum Range = 50000000Maximum Range = 50000000
Minimum Range = 50000000Maximum Range = 50000000
Minimum Range = 50000000Maximum Range = 50000000
Minimum Range = 50000000Maximum Range = 50000000
Minimum Range = 50000000Maximum Range = 50000000
Minimum Range = 50000000Maximum Range = 50000000
Minimum Range = 50000000Maximum Range = 50000000
Minimum Range = 50000000Maximum Range = 50000000
Minimum Range = 50000000Maximum Range = 50000000
Minimum Range = 50000000Maximum Range = 50000000
Minimum Range = 50000000Maximum Range = 50000000
Minimum Range = 50000000Maximum Range = 50000000
Minimum Range = 50000000Maximum Range = 50000000
Minimum Range = 50000000Maximum Range = 50000000
Minimum Range = 50000000Maximum Range = 50000000
Minimum Range = 50000000Maximum Range = 50000000
Minimum Range = 50000000Maximum Range = 50000000
Minimum Range = 50000000Maximum Range = 50000000
Minimum Range = 50000000Maximum Range = 50000000
Minimum Range = 50000000Maximum Range = 50000000
Minimum Range = 50000000Maximum Range = 50000000
Minimum Range = 50000000Maximum Range = 50000000
Minimum Range = 50000000Maximum Range = 50000000
Minimum Range = 50000000Maximum Range = 50000000
Minimum Range = 50000000Maximum Range = 50000000
Minimum Range = 50000000Maximum Range = 50000000
Minimum Range = 50000000Maximum Range = 50000000
Minimum Range = 50000000Maximum Range = 50000000
Minimum Range = 50000000Maximum Range = 50000000
Minimum Range = 50000000Maximum Range = 50000000
Minimum Range = 50000000Maximum Range = 50000000
Minimum Range = 50000000Maximum Range = 50000000
Minimum Range = 50000000Maximum Range = 50000000
Minimum Range = 50000000Maximum Range = 50000000
Minimum Range = 50000000Maximum Range = 50000000
Minimum Range = 50000000Maximum Range = 50000000
Minimum Range = 50000000Maximum Range = 50000000
Minimum Range = 50000000Maximum Range = 50000000
Minimum Range = 50000000Maximum Range = 50000000
Minimum Range = 50000000Maximum Range = 50000000
Minimum Range = 50000000Maximum Range = 50000000
Minimum Range = 50000000Maximum Range = 50000000
Minimum Range = 50000000Maximum Range = 50000000
Minimum Range = 50000000Maximum Range = 50000000
Minimum Range = 50000000Maximum Range = 50000000
Minimum Range = 50000000Maximum Range = 50000000
Minimum Range = 50000000Maximum Range = 50000000
Minimum Range = 50000000Maximum Range = 50000000
Minimum Range = 50000000Maximum Range = 50000000
Minimum Range = 50000000Maximum Range = 50000000
Minimum Range = 50000000Maximum Range = 50000000
Minimum Range = 50000000Maximum Range = 50000000
Minimum Range = 50000000Maximum Range = 50000000
Minimum Range = 50000000Maximum Range = 50000000
Minimum Range = 50000000Maximum Range = 50000000
Minimum Range = 50000000Maximum Range = 50000000
Minimum Range = 50000000Maximum Range = 50000000
Minimum Range = 50000000Maximum Range = 50000000
Minimum Range = 50000000Maximum Range = 50000000
Minimum Range = 50000000Maximum Range = 50000000
Minimum Range = 50000000Maximum Range = 50000000
Minimum Range = 50000000Maximum Range = 50000000
Minimum Range = 50000000Maximum Range = 50000000
Minimum Range = 50000000Maximum Range = 50000000
Minimum Range = 50000000Maximum Range = 50000000
Minimum Range = 50000000Maximum Range = 50000000
Minimum Range = 50000000Maximum Range = 50000000
Minimum Range = 50000000Maximum Range = 50000000
Minimum Range = 50000000Maximum Range = 50000000
Minimum Range = 50000000Maximum Range = 50000000
Minimum Range = 50000000Maximum Range = 50000000
Minimum Range = 50000000Maximum Range = 50000000
Minimum Range = 50000000Maximum Range = 50000000
Minimum Range = 50000000Maximum Range = 50000000
Minimum Range = 50000000Maximum Range = 50000000
Minimum Range = 50000000Maximum Range = 50000000
Minimum Range = 50000000Maximum Range = 50000000
Minimum Range = 50000000Maximum Range = 50000000
Minimum Range = 50000000Maximum Range = 50000000
Minimum Range = 50000000Maximum Range = 50000000
Minimum Range = 50000000Maximum Range = 50000000
Minimum Range = 50000000Maximum Range = 50000000
Minimum Range = 50000000Maximum Range = 50000000
Minimum Range = 50000000Maximum Range = 50000000
Minimum Range = 50000000Maximum Range = 50000000
Minimum Range = 50000000Maximum Range = 50000000
Minimum Range = 50000000Maximum Range = 50000000
Minimum Range = 50000000Maximum Range = 50000000
Minimum Range = 50000000Maximum Range = 50000000
Minimum Range = 50000000Maximum Range = 50000000
Minimum Range = 50000000Maximum Range = 50000000
Minimum Range = 50000000Maximum Range = 50000000
Minimum Range = 50000000Maximum Range = 50000000
Minimum Range = 50000000Maximum Range = 50000000
Minimum Range = 50000000Maximum Range = 50000000
Minimum Range = 50000000Maximum Range = 50000000
Minimum Range = 50000000Maximum Range = 50000000
Minimum Range = 50000000Maximum Range = 50000000
Minimum Range = 50000000Maximum Range = 50000000
Minimum Range = 50000000Maximum Range = 50000000
Minimum Range = 50000000Maximum Range = 50000000
Minimum Range = 50000000Maximum Range = 50000000
Minimum Range = 50000000Maximum Range = 50000000
Minimum Range = 50000000Maximum Range = 50000000
Minimum Range = 50000000Maximum Range = 50000000
Minimum Range = 50000000Maximum Range = 50000000
Minimum Range = 50000000Maximum Range = 50000000
Minimum Range = 50000000Maximum Range = 50000000
Minimum Range = 50000000Maximum Range = 50000000
Minimum Range = 50000000Maximum Range = 50000000
Minimum Range = 50000000Maximum Range = 50000000
Minimum Range = 50000000Maximum Range = 50000000
Minimum Range = 50000000Maximum Range = 50000000
Minimum Range = 50000000Maximum Range = 50000000
Minimum Range = 50000000Maximum Range = 50000000
Minimum Range = 50000000Maximum Range = 50000000
Minimum Range = 50000000Maximum Range = 50000000
Minimum Range = 50000000Maximum Range = 50000000
Minimum Range = 50000000Maximum Range = 50000000
Minimum Range = 50000000Maximum Range = 50000000
Minimum Range = 50000000Maximum Range = 50000000
Minimum Range = 50000000Maximum Range = 50000000
Minimum Range = 50000000Maximum Range = 50000000
Minimum Range = 50000000Maximum Range = 50000000
]]></system-out>
  </testcase>
  <testcase name="testParSimpleTwoMillion" classname="edu.coursera.parallel.ReciprocalArraySumTest" time="0.295"/>
  <testcase name="testParManyTaskTwoMillion" classname="edu.coursera.parallel.ReciprocalArraySumTest" time="0.376">
    <failure message="It was expected that the many-task parallel implementation would run at least 2.400000x faster, but it only achieved 1.000000x speedup" type="junit.framework.AssertionFailedError">junit.framework.AssertionFailedError: It was expected that the many-task parallel implementation would run at least 2.400000x faster, but it only achieved 1.000000x speedup
	at junit.framework.Assert.fail(Assert.java:47)
	at junit.framework.Assert.assertTrue(Assert.java:20)
	at edu.coursera.parallel.ReciprocalArraySumTest.testParManyTaskTwoMillion(ReciprocalArraySumTest.java:143)
</failure>
    <system-out><![CDATA[Minimum Range = 500000Maximum Range = 500000
Minimum Range = 500000Maximum Range = 500000
Minimum Range = 500000Maximum Range = 500000
Minimum Range = 500000Maximum Range = 500000
Minimum Range = 500000Maximum Range = 500000
Minimum Range = 500000Maximum Range = 500000
Minimum Range = 500000Maximum Range = 500000
Minimum Range = 500000Maximum Range = 500000
Minimum Range = 500000Maximum Range = 500000
Minimum Range = 500000Maximum Range = 500000
Minimum Range = 500000Maximum Range = 500000
Minimum Range = 500000Maximum Range = 500000
Minimum Range = 500000Maximum Range = 500000
Minimum Range = 500000Maximum Range = 500000
Minimum Range = 500000Maximum Range = 500000
Minimum Range = 500000Maximum Range = 500000
Minimum Range = 500000Maximum Range = 500000
Minimum Range = 500000Maximum Range = 500000
Minimum Range = 500000Maximum Range = 500000
Minimum Range = 500000Maximum Range = 500000
Minimum Range = 500000Maximum Range = 500000
Minimum Range = 500000Maximum Range = 500000
Minimum Range = 500000Maximum Range = 500000
Minimum Range = 500000Maximum Range = 500000
Minimum Range = 500000Maximum Range = 500000
Minimum Range = 500000Maximum Range = 500000
Minimum Range = 500000Maximum Range = 500000
Minimum Range = 500000Maximum Range = 500000
Minimum Range = 500000Maximum Range = 500000
Minimum Range = 500000Maximum Range = 500000
Minimum Range = 500000Maximum Range = 500000
Minimum Range = 500000Maximum Range = 500000
Minimum Range = 500000Maximum Range = 500000
Minimum Range = 500000Maximum Range = 500000
Minimum Range = 500000Maximum Range = 500000
Minimum Range = 500000Maximum Range = 500000
Minimum Range = 500000Maximum Range = 500000
Minimum Range = 500000Maximum Range = 500000
Minimum Range = 500000Maximum Range = 500000
Minimum Range = 500000Maximum Range = 500000
Minimum Range = 500000Maximum Range = 500000
Minimum Range = 500000Maximum Range = 500000
Minimum Range = 500000Maximum Range = 500000
Minimum Range = 500000Maximum Range = 500000
Minimum Range = 500000Maximum Range = 500000
Minimum Range = 500000Maximum Range = 500000
Minimum Range = 500000Maximum Range = 500000
Minimum Range = 500000Maximum Range = 500000
Minimum Range = 500000Maximum Range = 500000
Minimum Range = 500000Maximum Range = 500000
Minimum Range = 500000Maximum Range = 500000
Minimum Range = 500000Maximum Range = 500000
Minimum Range = 500000Maximum Range = 500000
Minimum Range = 500000Maximum Range = 500000
Minimum Range = 500000Maximum Range = 500000
Minimum Range = 500000Maximum Range = 500000
Minimum Range = 500000Maximum Range = 500000
Minimum Range = 500000Maximum Range = 500000
Minimum Range = 500000Maximum Range = 500000
Minimum Range = 500000Maximum Range = 500000
Minimum Range = 500000Maximum Range = 500000
Minimum Range = 500000Maximum Range = 500000
Minimum Range = 500000Maximum Range = 500000
Minimum Range = 500000Maximum Range = 500000
Minimum Range = 500000Maximum Range = 500000
Minimum Range = 500000Maximum Range = 500000
Minimum Range = 500000Maximum Range = 500000
Minimum Range = 500000Maximum Range = 500000
Minimum Range = 500000Maximum Range = 500000
Minimum Range = 500000Maximum Range = 500000
Minimum Range = 500000Maximum Range = 500000
Minimum Range = 500000Maximum Range = 500000
Minimum Range = 500000Maximum Range = 500000
Minimum Range = 500000Maximum Range = 500000
Minimum Range = 500000Maximum Range = 500000
Minimum Range = 500000Maximum Range = 500000
Minimum Range = 500000Maximum Range = 500000
Minimum Range = 500000Maximum Range = 500000
Minimum Range = 500000Maximum Range = 500000
Minimum Range = 500000Maximum Range = 500000
Minimum Range = 500000Maximum Range = 500000
Minimum Range = 500000Maximum Range = 500000
Minimum Range = 500000Maximum Range = 500000
Minimum Range = 500000Maximum Range = 500000
Minimum Range = 500000Maximum Range = 500000
Minimum Range = 500000Maximum Range = 500000
Minimum Range = 500000Maximum Range = 500000
Minimum Range = 500000Maximum Range = 500000
Minimum Range = 500000Maximum Range = 500000
Minimum Range = 500000Maximum Range = 500000
Minimum Range = 500000Maximum Range = 500000
Minimum Range = 500000Maximum Range = 500000
Minimum Range = 500000Maximum Range = 500000
Minimum Range = 500000Maximum Range = 500000
Minimum Range = 500000Maximum Range = 500000
Minimum Range = 500000Maximum Range = 500000
Minimum Range = 500000Maximum Range = 500000
Minimum Range = 500000Maximum Range = 500000
Minimum Range = 500000Maximum Range = 500000
Minimum Range = 500000Maximum Range = 500000
Minimum Range = 500000Maximum Range = 500000
Minimum Range = 500000Maximum Range = 500000
Minimum Range = 500000Maximum Range = 500000
Minimum Range = 500000Maximum Range = 500000
Minimum Range = 500000Maximum Range = 500000
Minimum Range = 500000Maximum Range = 500000
Minimum Range = 500000Maximum Range = 500000
Minimum Range = 500000Maximum Range = 500000
Minimum Range = 500000Maximum Range = 500000
Minimum Range = 500000Maximum Range = 500000
Minimum Range = 500000Maximum Range = 500000
Minimum Range = 500000Maximum Range = 500000
Minimum Range = 500000Maximum Range = 500000
Minimum Range = 500000Maximum Range = 500000
Minimum Range = 500000Maximum Range = 500000
Minimum Range = 500000Maximum Range = 500000
Minimum Range = 500000Maximum Range = 500000
Minimum Range = 500000Maximum Range = 500000
Minimum Range = 500000Maximum Range = 500000
Minimum Range = 500000Maximum Range = 500000
Minimum Range = 500000Maximum Range = 500000
Minimum Range = 500000Maximum Range = 500000
Minimum Range = 500000Maximum Range = 500000
Minimum Range = 500000Maximum Range = 500000
Minimum Range = 500000Maximum Range = 500000
Minimum Range = 500000Maximum Range = 500000
Minimum Range = 500000Maximum Range = 500000
Minimum Range = 500000Maximum Range = 500000
Minimum Range = 500000Maximum Range = 500000
Minimum Range = 500000Maximum Range = 500000
Minimum Range = 500000Maximum Range = 500000
Minimum Range = 500000Maximum Range = 500000
Minimum Range = 500000Maximum Range = 500000
Minimum Range = 500000Maximum Range = 500000
Minimum Range = 500000Maximum Range = 500000
Minimum Range = 500000Maximum Range = 500000
Minimum Range = 500000Maximum Range = 500000
Minimum Range = 500000Maximum Range = 500000
Minimum Range = 500000Maximum Range = 500000
Minimum Range = 500000Maximum Range = 500000
Minimum Range = 500000Maximum Range = 500000
Minimum Range = 500000Maximum Range = 500000
Minimum Range = 500000Maximum Range = 500000
Minimum Range = 500000Maximum Range = 500000
Minimum Range = 500000Maximum Range = 500000
Minimum Range = 500000Maximum Range = 500000
Minimum Range = 500000Maximum Range = 500000
Minimum Range = 500000Maximum Range = 500000
Minimum Range = 500000Maximum Range = 500000
Minimum Range = 500000Maximum Range = 500000
Minimum Range = 500000Maximum Range = 500000
Minimum Range = 500000Maximum Range = 500000
Minimum Range = 500000Maximum Range = 500000
Minimum Range = 500000Maximum Range = 500000
Minimum Range = 500000Maximum Range = 500000
Minimum Range = 500000Maximum Range = 500000
Minimum Range = 500000Maximum Range = 500000
Minimum Range = 500000Maximum Range = 500000
Minimum Range = 500000Maximum Range = 500000
Minimum Range = 500000Maximum Range = 500000
Minimum Range = 500000Maximum Range = 500000
Minimum Range = 500000Maximum Range = 500000
Minimum Range = 500000Maximum Range = 500000
Minimum Range = 500000Maximum Range = 500000
Minimum Range = 500000Maximum Range = 500000
Minimum Range = 500000Maximum Range = 500000
Minimum Range = 500000Maximum Range = 500000
Minimum Range = 500000Maximum Range = 500000
Minimum Range = 500000Maximum Range = 500000
Minimum Range = 500000Maximum Range = 500000
Minimum Range = 500000Maximum Range = 500000
Minimum Range = 500000Maximum Range = 500000
Minimum Range = 500000Maximum Range = 500000
Minimum Range = 500000Maximum Range = 500000
Minimum Range = 500000Maximum Range = 500000
Minimum Range = 500000Maximum Range = 500000
Minimum Range = 500000Maximum Range = 500000
Minimum Range = 500000Maximum Range = 500000
Minimum Range = 500000Maximum Range = 500000
Minimum Range = 500000Maximum Range = 500000
Minimum Range = 500000Maximum Range = 500000
Minimum Range = 500000Maximum Range = 500000
Minimum Range = 500000Maximum Range = 500000
Minimum Range = 500000Maximum Range = 500000
Minimum Range = 500000Maximum Range = 500000
Minimum Range = 500000Maximum Range = 500000
Minimum Range = 500000Maximum Range = 500000
Minimum Range = 500000Maximum Range = 500000
Minimum Range = 500000Maximum Range = 500000
Minimum Range = 500000Maximum Range = 500000
Minimum Range = 500000Maximum Range = 500000
Minimum Range = 500000Maximum Range = 500000
Minimum Range = 500000Maximum Range = 500000
Minimum Range = 500000Maximum Range = 500000
Minimum Range = 500000Maximum Range = 500000
Minimum Range = 500000Maximum Range = 500000
Minimum Range = 500000Maximum Range = 500000
Minimum Range = 500000Maximum Range = 500000
Minimum Range = 500000Maximum Range = 500000
Minimum Range = 500000Maximum Range = 500000
Minimum Range = 500000Maximum Range = 500000
Minimum Range = 500000Maximum Range = 500000
Minimum Range = 500000Maximum Range = 500000
Minimum Range = 500000Maximum Range = 500000
Minimum Range = 500000Maximum Range = 500000
Minimum Range = 500000Maximum Range = 500000
Minimum Range = 500000Maximum Range = 500000
Minimum Range = 500000Maximum Range = 500000
Minimum Range = 500000Maximum Range = 500000
Minimum Range = 500000Maximum Range = 500000
Minimum Range = 500000Maximum Range = 500000
Minimum Range = 500000Maximum Range = 500000
Minimum Range = 500000Maximum Range = 500000
Minimum Range = 500000Maximum Range = 500000
Minimum Range = 500000Maximum Range = 500000
Minimum Range = 500000Maximum Range = 500000
Minimum Range = 500000Maximum Range = 500000
Minimum Range = 500000Maximum Range = 500000
Minimum Range = 500000Maximum Range = 500000
Minimum Range = 500000Maximum Range = 500000
Minimum Range = 500000Maximum Range = 500000
Minimum Range = 500000Maximum Range = 500000
Minimum Range = 500000Maximum Range = 500000
Minimum Range = 500000Maximum Range = 500000
Minimum Range = 500000Maximum Range = 500000
Minimum Range = 500000Maximum Range = 500000
Minimum Range = 500000Maximum Range = 500000
Minimum Range = 500000Maximum Range = 500000
Minimum Range = 500000Maximum Range = 500000
Minimum Range = 500000Maximum Range = 500000
Minimum Range = 500000Maximum Range = 500000
Minimum Range = 500000Maximum Range = 500000
Minimum Range = 500000Maximum Range = 500000
Minimum Range = 500000Maximum Range = 500000
Minimum Range = 500000Maximum Range = 500000
Minimum Range = 500000Maximum Range = 500000
Minimum Range = 500000Maximum Range = 500000
Minimum Range = 500000Maximum Range = 500000
Minimum Range = 500000Maximum Range = 500000
Minimum Range = 500000Maximum Range = 500000
Minimum Range = 500000Maximum Range = 500000
Minimum Range = 500000Maximum Range = 500000
Minimum Range = 500000Maximum Range = 500000
Minimum Range = 500000Maximum Range = 500000
]]></system-out>
  </testcase>
</testsuite>